<?xml version="1.0" encoding="UTF-8"?>
<!-- Generated by org.testng.reporters.JUnitReportReporter -->
<testsuite hostname="vamshi" failures="0" tests="2" name="maven_Test.TestngExampleTest2" time="0.005" errors="0" timestamp="18 Jul 2022 09:52:14 GMT">
  <testcase classname="maven_Test.TestngExampleTest2" name="practice2Test" time="0.002"/>
  <testcase classname="maven_Test.TestngExampleTest2" name="practice1Test" time="0.003"/>
</testsuite> <!-- maven_Test.TestngExampleTest2 -->
