<?xml version="1.0" encoding="UTF-8"?>
<!-- Generated by org.testng.reporters.JUnitReportReporter -->
<testsuite hostname="vamshi" failures="0" tests="2" name="maven_Test.TestngExampleTest1" time="0.029" errors="0" timestamp="18 Jul 2022 09:52:14 GMT">
  <testcase classname="maven_Test.TestngExampleTest1" name="practice2Test" time="0.002"/>
  <testcase classname="maven_Test.TestngExampleTest1" name="practice1Test" time="0.027"/>
</testsuite> <!-- maven_Test.TestngExampleTest1 -->
