<?xml version="1.0" encoding="UTF-8"?>
<!-- Generated by org.testng.reporters.JUnitReportReporter -->
<testsuite hostname="vamshi" name="maven_Test.TestngExampleTest1" tests="2" failures="0" timestamp="18 Jul 2022 09:56:50 GMT" time="0.069" errors="0">
  <testcase name="practice1Test" time="0.068" classname="maven_Test.TestngExampleTest1"/>
  <testcase name="practice2Test" time="0.001" classname="maven_Test.TestngExampleTest1"/>
</testsuite> <!-- maven_Test.TestngExampleTest1 -->
