<?xml version="1.0" encoding="UTF-8"?>
<!-- Generated by org.testng.reporters.JUnitReportReporter -->
<testsuite hostname="vamshi" name="maven_Test.TestngExampleTest2" tests="2" failures="0" timestamp="18 Jul 2022 09:54:21 GMT" time="0.000" errors="0">
  <testcase name="practice2Test" time="0.000" classname="maven_Test.TestngExampleTest2"/>
  <testcase name="practice1Test" time="0.000" classname="maven_Test.TestngExampleTest2"/>
</testsuite> <!-- maven_Test.TestngExampleTest2 -->
